<?xml version="1.0" encoding="UTF-8"?>
<!-- Generated by org.testng.reporters.JUnitReportReporter -->
<testsuite hostname="LCO-PF25Q7P7" failures="0" tests="1" name="Sesion17.HijoPs1" time="0.021" errors="0" timestamp="2023-11-07T11:14:34 COT" skipped="0">
  <testcase classname="Sesion17.HijoPs1" name="testRun" time="0.021"/>
  <system-out/>
</testsuite> <!-- Sesion17.HijoPs1 -->
